<?xml version="1.0" encoding="UTF-8"?>
<testsuite hostname="6FJCVQ1" name="com.blade.tests.Tester" tests="3" failures="1" timestamp="13 Dec 2011 17:47:35 GMT" time="0.031" errors="0">
  <testcase name="test1" time="0.0020" classname="com.blade.tests.Tester"/>
  <testcase name="test2" time="0.0010" classname="com.blade.tests.Tester">
    <failure type="java.lang.AssertionError" message="expected:&amp;lt;true&amp;gt; but was:&amp;lt;false&amp;gt;">
      <![CDATA[java.lang.AssertionError: expected:<true> but was:<false>
	at com.blade.tests.Tester.test2(Tester.java:57)
... Removed 28 stack frames]]>
    </failure>
  </testcase>
  <testcase name="test3" time="0.0010" classname="com.blade.tests.Tester"/>
</testsuite>
